  MyCameraManager.cpp
c:\users\kevin\desktop\projects\opengl\gpa_2022_final_framework\rendering_framework\src\mycameramanager.cpp(19): warning C4305: '=': truncation from 'double' to 'float'
c:\users\kevin\desktop\projects\opengl\gpa_2022_final_framework\rendering_framework\src\mycameramanager.cpp(46): warning C4244: 'argument': conversion from 'const int' to 'const float', possible loss of data
c:\users\kevin\desktop\projects\opengl\gpa_2022_final_framework\rendering_framework\src\mycameramanager.cpp(50): warning C4244: 'argument': conversion from 'const int' to 'const float', possible loss of data
c:\users\kevin\desktop\projects\opengl\gpa_2022_final_framework\rendering_framework\src\mycameramanager.cpp(55): warning C4244: 'argument': conversion from 'const int' to 'const float', possible loss of data
c:\users\kevin\desktop\projects\opengl\gpa_2022_final_framework\rendering_framework\src\mycameramanager.cpp(58): warning C4244: 'argument': conversion from 'const int' to 'const float', possible loss of data
c:\users\kevin\desktop\projects\opengl\gpa_2022_final_framework\rendering_framework\src\mycameramanager.cpp(62): warning C4244: 'argument': conversion from 'const int' to 'const float', possible loss of data
c:\users\kevin\desktop\projects\opengl\gpa_2022_final_framework\rendering_framework\src\mycameramanager.cpp(65): warning C4244: 'argument': conversion from 'const double' to 'const float', possible loss of data
c:\users\kevin\desktop\projects\opengl\gpa_2022_final_framework\rendering_framework\src\mycameramanager.cpp(81): warning C4305: '=': truncation from 'double' to 'float'
c:\users\kevin\desktop\projects\opengl\gpa_2022_final_framework\rendering_framework\src\mycameramanager.cpp(84): warning C4305: '=': truncation from 'double' to 'float'
c:\users\kevin\desktop\projects\opengl\gpa_2022_final_framework\rendering_framework\src\mycameramanager.cpp(124): warning C4305: 'argument': truncation from 'double' to 'const float'
c:\users\kevin\desktop\projects\opengl\gpa_2022_final_framework\rendering_framework\src\mycameramanager.cpp(127): warning C4305: 'argument': truncation from 'double' to 'const float'
c:\users\kevin\desktop\projects\opengl\gpa_2022_final_framework\rendering_framework\src\mycameramanager.cpp(176): warning C4244: '=': conversion from 'double' to 'int', possible loss of data
c:\users\kevin\desktop\projects\opengl\gpa_2022_final_framework\rendering_framework\src\mycameramanager.cpp(220): warning C4305: 'return': truncation from 'double' to 'float'
  main.cpp
c:\users\kevin\desktop\projects\opengl\gpa_2022_final_framework\rendering_framework\src\terrain\myterraindata.h(104): warning C4244: 'initializing': conversion from 'float' to 'int', possible loss of data
c:\users\kevin\desktop\projects\opengl\gpa_2022_final_framework\rendering_framework\main.cpp(268): warning C4244: 'argument': conversion from 'double' to 'const int', possible loss of data
c:\users\kevin\desktop\projects\opengl\gpa_2022_final_framework\rendering_framework\main.cpp(271): warning C4244: 'argument': conversion from 'double' to 'const int', possible loss of data
c:\users\kevin\desktop\projects\opengl\gpa_2022_final_framework\rendering_framework\main.cpp(274): warning C4244: 'argument': conversion from 'double' to 'const int', possible loss of data
c:\users\kevin\desktop\projects\opengl\gpa_2022_final_framework\rendering_framework\main.cpp(277): warning C4244: 'argument': conversion from 'double' to 'const int', possible loss of data
c:\users\kevin\desktop\projects\opengl\gpa_2022_final_framework\rendering_framework\main.cpp(284): warning C4244: 'argument': conversion from 'double' to 'const int', possible loss of data
c:\users\kevin\desktop\projects\opengl\gpa_2022_final_framework\rendering_framework\main.cpp(341): warning C4305: 'argument': truncation from 'double' to 'const float'
c:\users\kevin\desktop\projects\opengl\gpa_2022_final_framework\rendering_framework\main.cpp(344): warning C4267: 'initializing': conversion from 'size_t' to 'int', possible loss of data
c:\users\kevin\desktop\projects\opengl\gpa_2022_final_framework\rendering_framework\main.cpp(344): warning C4267: 'initializing': conversion from 'size_t' to 'const int', possible loss of data
  Generating Code...
  Skipping... (no relevant changes detected)
  MyOrbitControl.cpp
  MyCamera.cpp
MSVCRTD.lib(initializers.obj) : warning LNK4098: defaultlib 'msvcrt.lib' conflicts with use of other libs; use /NODEFAULTLIB:library
  Rendering_Framework.vcxproj -> C:\Users\Kevin\Desktop\Projects\OpenGL\GPA_2022_final_framework\x64\Debug\Rendering_Framework.exe
  Rendering_Framework.vcxproj -> C:\Users\Kevin\Desktop\Projects\OpenGL\GPA_2022_final_framework\x64\Debug\Rendering_Framework.pdb (Full PDB)
