c:\users\kevin\desktop\projects\opengl\framework\rendering_framework\x64\debug\vc140.pdb
c:\users\kevin\desktop\projects\opengl\framework\rendering_framework\x64\debug\vc140.idb
c:\users\kevin\desktop\projects\opengl\framework\rendering_framework\x64\debug\imgui.obj
c:\users\kevin\desktop\projects\opengl\framework\rendering_framework\x64\debug\imgui_demo.obj
c:\users\kevin\desktop\projects\opengl\framework\rendering_framework\x64\debug\imgui_draw.obj
c:\users\kevin\desktop\projects\opengl\framework\rendering_framework\x64\debug\imgui_impl_glfw.obj
c:\users\kevin\desktop\projects\opengl\framework\rendering_framework\x64\debug\imgui_impl_opengl3.obj
c:\users\kevin\desktop\projects\opengl\framework\rendering_framework\x64\debug\imgui_tables.obj
c:\users\kevin\desktop\projects\opengl\framework\rendering_framework\x64\debug\imgui_widgets.obj
c:\users\kevin\desktop\projects\opengl\framework\rendering_framework\x64\debug\main.obj
c:\users\kevin\desktop\projects\opengl\framework\rendering_framework\x64\debug\dynamicsceneobject.obj
c:\users\kevin\desktop\projects\opengl\framework\rendering_framework\x64\debug\infinityplane.obj
c:\users\kevin\desktop\projects\opengl\framework\rendering_framework\x64\debug\myimguipanel.obj
c:\users\kevin\desktop\projects\opengl\framework\rendering_framework\x64\debug\scenerenderer.obj
c:\users\kevin\desktop\projects\opengl\framework\rendering_framework\x64\debug\shader.obj
c:\users\kevin\desktop\projects\opengl\framework\rendering_framework\x64\debug\viewfrustumsceneobject.obj
c:\users\kevin\desktop\projects\opengl\framework\rendering_framework\x64\debug\glad.obj
c:\users\kevin\desktop\projects\opengl\framework\rendering_framework\x64\debug\camera.obj
c:\users\kevin\desktop\projects\opengl\framework\rendering_framework\x64\debug\trackballinteractor.obj
c:\users\kevin\desktop\projects\opengl\framework\rendering_framework\x64\debug\mytrackball.obj
c:\users\kevin\desktop\projects\opengl\framework\rendering_framework\x64\debug\mycamera.obj
c:\users\kevin\desktop\projects\opengl\framework\rendering_framework\x64\debug\myorbitcontrol.obj
c:\users\kevin\desktop\projects\opengl\gpa_2022_final_framework\rendering_framework\x64\debug\vc140.pdb
c:\users\kevin\desktop\projects\opengl\gpa_2022_final_framework\rendering_framework\x64\debug\vc140.idb
c:\users\kevin\desktop\projects\opengl\gpa_2022_final_framework\rendering_framework\x64\debug\imgui.obj
c:\users\kevin\desktop\projects\opengl\gpa_2022_final_framework\rendering_framework\x64\debug\imgui_demo.obj
c:\users\kevin\desktop\projects\opengl\gpa_2022_final_framework\rendering_framework\x64\debug\imgui_draw.obj
c:\users\kevin\desktop\projects\opengl\gpa_2022_final_framework\rendering_framework\x64\debug\imgui_impl_glfw.obj
c:\users\kevin\desktop\projects\opengl\gpa_2022_final_framework\rendering_framework\x64\debug\imgui_impl_opengl3.obj
c:\users\kevin\desktop\projects\opengl\gpa_2022_final_framework\rendering_framework\x64\debug\imgui_tables.obj
c:\users\kevin\desktop\projects\opengl\gpa_2022_final_framework\rendering_framework\x64\debug\imgui_widgets.obj
c:\users\kevin\desktop\projects\opengl\gpa_2022_final_framework\rendering_framework\x64\debug\main.obj
c:\users\kevin\desktop\projects\opengl\gpa_2022_final_framework\rendering_framework\x64\debug\mycamera.obj
c:\users\kevin\desktop\projects\opengl\gpa_2022_final_framework\rendering_framework\x64\debug\myorbitcontrol.obj
c:\users\kevin\desktop\projects\opengl\gpa_2022_final_framework\rendering_framework\x64\debug\dynamicsceneobject.obj
c:\users\kevin\desktop\projects\opengl\gpa_2022_final_framework\rendering_framework\x64\debug\infinityplane.obj
c:\users\kevin\desktop\projects\opengl\gpa_2022_final_framework\rendering_framework\x64\debug\myimguipanel.obj
c:\users\kevin\desktop\projects\opengl\gpa_2022_final_framework\rendering_framework\x64\debug\scenerenderer.obj
c:\users\kevin\desktop\projects\opengl\gpa_2022_final_framework\rendering_framework\x64\debug\shader.obj
c:\users\kevin\desktop\projects\opengl\gpa_2022_final_framework\rendering_framework\x64\debug\viewfrustumsceneobject.obj
c:\users\kevin\desktop\projects\opengl\gpa_2022_final_framework\rendering_framework\x64\debug\glad.obj
c:\users\kevin\desktop\projects\opengl\gpa_2022_final_framework\rendering_framework\x64\debug\mycameramanager.obj
c:\users\kevin\desktop\projects\opengl\gpa_2022_final_framework\rendering_framework\x64\debug\myterrain.obj
c:\users\kevin\desktop\projects\opengl\gpa_2022_final_framework\rendering_framework\x64\debug\terrainsceneobject.obj
c:\users\kevin\desktop\projects\opengl\framework\x64\debug\rendering_framework.ilk
c:\users\kevin\desktop\projects\opengl\framework\x64\debug\rendering_framework.exe
c:\users\kevin\desktop\projects\opengl\framework\x64\debug\rendering_framework.pdb
c:\users\kevin\desktop\projects\opengl\gpa_2022_final_framework\x64\debug\rendering_framework.ilk
c:\users\kevin\desktop\projects\opengl\gpa_2022_final_framework\x64\debug\rendering_framework.exe
c:\users\kevin\desktop\projects\opengl\gpa_2022_final_framework\x64\debug\rendering_framework.pdb
c:\users\kevin\desktop\projects\opengl\gpa_2022_final_framework\rendering_framework\x64\debug\camera.obj
c:\users\kevin\desktop\projects\opengl\gpa_2022_final_framework\rendering_framework\x64\debug\mytrackball.obj
c:\users\kevin\desktop\projects\opengl\gpa_2022_final_framework\rendering_framework\x64\debug\trackballinteractor.obj
c:\users\kevin\desktop\projects\opengl\gpa_2022_final_framework\rendering_framework\x64\debug\renderin.ada5ff44.tlog\cl.command.1.tlog
c:\users\kevin\desktop\projects\opengl\gpa_2022_final_framework\rendering_framework\x64\debug\renderin.ada5ff44.tlog\cl.read.1.tlog
c:\users\kevin\desktop\projects\opengl\gpa_2022_final_framework\rendering_framework\x64\debug\renderin.ada5ff44.tlog\cl.write.1.tlog
c:\users\kevin\desktop\projects\opengl\gpa_2022_final_framework\rendering_framework\x64\debug\renderin.ada5ff44.tlog\link-cvtres.read.1.tlog
c:\users\kevin\desktop\projects\opengl\gpa_2022_final_framework\rendering_framework\x64\debug\renderin.ada5ff44.tlog\link-cvtres.write.1.tlog
c:\users\kevin\desktop\projects\opengl\gpa_2022_final_framework\rendering_framework\x64\debug\renderin.ada5ff44.tlog\link-rc.read.1.tlog
c:\users\kevin\desktop\projects\opengl\gpa_2022_final_framework\rendering_framework\x64\debug\renderin.ada5ff44.tlog\link-rc.write.1.tlog
c:\users\kevin\desktop\projects\opengl\gpa_2022_final_framework\rendering_framework\x64\debug\renderin.ada5ff44.tlog\link.18608-cvtres.read.1.tlog
c:\users\kevin\desktop\projects\opengl\gpa_2022_final_framework\rendering_framework\x64\debug\renderin.ada5ff44.tlog\link.18608-cvtres.write.1.tlog
c:\users\kevin\desktop\projects\opengl\gpa_2022_final_framework\rendering_framework\x64\debug\renderin.ada5ff44.tlog\link.18608-rc.read.1.tlog
c:\users\kevin\desktop\projects\opengl\gpa_2022_final_framework\rendering_framework\x64\debug\renderin.ada5ff44.tlog\link.18608-rc.write.1.tlog
c:\users\kevin\desktop\projects\opengl\gpa_2022_final_framework\rendering_framework\x64\debug\renderin.ada5ff44.tlog\link.18608.read.1.tlog
c:\users\kevin\desktop\projects\opengl\gpa_2022_final_framework\rendering_framework\x64\debug\renderin.ada5ff44.tlog\link.18608.write.1.tlog
c:\users\kevin\desktop\projects\opengl\gpa_2022_final_framework\rendering_framework\x64\debug\renderin.ada5ff44.tlog\link.command.1.tlog
c:\users\kevin\desktop\projects\opengl\gpa_2022_final_framework\rendering_framework\x64\debug\renderin.ada5ff44.tlog\link.read.1.tlog
c:\users\kevin\desktop\projects\opengl\gpa_2022_final_framework\rendering_framework\x64\debug\renderin.ada5ff44.tlog\link.write.1.tlog
